<?xml version="1.0" encoding="UTF-8"?>
<!-- Generated by org.testng.reporters.JUnitReportReporter -->
<testsuite skipped="0" hostname="LP-5CD84313R7" name="SampleMaven.RestAssuredTest" tests="2" failures="0" timestamp="2020-02-15T21:11:55 IST" time="0.000" errors="0">
  <testcase name="DeleteTwitter" time="0.000" classname="SampleMaven.RestAssuredTest"/>
  <system-out/>
  <testcase name="AddJira" time="0.000" classname="SampleMaven.RestAssuredTest"/>
  <system-out/>
</testsuite> <!-- SampleMaven.RestAssuredTest -->
