<?xml version="1.0" encoding="UTF-8"?>
<!-- Generated by org.testng.reporters.JUnitReportReporter -->
<testsuite skipped="0" hostname="LP-5CD84313R7" name="SampleMaven.AppiumTest" tests="2" failures="0" timestamp="2020-02-15T21:11:55 IST" time="0.007" errors="0">
  <testcase name="AndroidAutomation" time="0.006" classname="SampleMaven.AppiumTest"/>
  <system-out/>
  <testcase name="IOSAutomation" time="0.001" classname="SampleMaven.AppiumTest"/>
  <system-out/>
</testsuite> <!-- SampleMaven.AppiumTest -->
